<?xml version="1.0" encoding="UTF-8"?>
<!-- Generated by org.testng.reporters.JUnitReportReporter -->
<testsuite hostname="MANPREET-PC" name="Utils.DbUtils" tests="1" failures="0" timestamp="31 Jul 2017 16:21:55 GMT" time="0.066" errors="0">
  <testcase name="test" time="0.066" classname="Utils.DbUtils"/>
</testsuite> <!-- Utils.DbUtils -->
